<?xml version="1.0" encoding="UTF-8"?>
<!-- Generated by org.testng.reporters.JUnitReportReporter -->
<testsuite hostname="Mds-MacBook-Pro.local" name="testCalculator.CalculatorMultiply" tests="8" failures="0" timestamp="4 Nov 2016 07:11:16 GMT" time="0.029" errors="0">
  <testcase name="testSumWithZeroAndPositiveNumber" time="0.002" classname="testCalculator.CalculatorMultiply"/>
  <testcase name="testSumWithPositiveAndNegativeNumbers" time="0.002" classname="testCalculator.CalculatorMultiply"/>
  <testcase name="testSumWithNegativeNumberandZero" time="0.003" classname="testCalculator.CalculatorMultiply"/>
  <testcase name="testSumWithZeroAndNegativeNumber" time="0.001" classname="testCalculator.CalculatorMultiply"/>
  <testcase name="testSumWithPositiveNumbers" time="0.002" classname="testCalculator.CalculatorMultiply"/>
  <testcase name="testSumWithPositiveNumberAndZero" time="0.002" classname="testCalculator.CalculatorMultiply"/>
  <testcase name="testSumWithNegativeAndPositiveNumbers" time="0.015" classname="testCalculator.CalculatorMultiply"/>
  <testcase name="testSumWithNegativeNumbers" time="0.002" classname="testCalculator.CalculatorMultiply"/>
</testsuite> <!-- testCalculator.CalculatorMultiply -->
