<?xml version="1.0" encoding="UTF-8"?>
<!-- Generated by org.testng.reporters.JUnitReportReporter -->
<testsuite hostname="Mds-MacBook-Pro.domain.actdsltmp" name="testCalculator.CalculatorDivision" tests="8" failures="0" timestamp="5 Nov 2016 15:19:29 GMT" time="0.029" errors="0">
  <testcase name="testDivisionWithZeroAndNegativeNumber" time="0.002" classname="testCalculator.CalculatorDivision"/>
  <testcase name="testDivisionWithNegativeNumbers" time="0.003" classname="testCalculator.CalculatorDivision"/>
  <testcase name="testDivisionWithZeroAndPositiveNumber" time="0.002" classname="testCalculator.CalculatorDivision"/>
  <testcase name="testDivisionWithNegativeAndPositiveNumbers" time="0.013" classname="testCalculator.CalculatorDivision"/>
  <testcase name="testDivisionWithPositiveNumbers" time="0.002" classname="testCalculator.CalculatorDivision"/>
  <testcase name="testDivisionWithPositiveNumberAndZero" time="0.002" classname="testCalculator.CalculatorDivision"/>
  <testcase name="testDivisionWithPositiveAndNegativeNumbers" time="0.002" classname="testCalculator.CalculatorDivision"/>
  <testcase name="testDivisionWithNegativeNumberandZero" time="0.003" classname="testCalculator.CalculatorDivision"/>
</testsuite> <!-- testCalculator.CalculatorDivision -->
