<?xml version="1.0" encoding="UTF-8"?>
<!-- Generated by org.testng.reporters.JUnitReportReporter -->
<testsuite hostname="Mds-MacBook-Pro.local" name="testCalculator.CalculatorAddition" tests="8" failures="0" timestamp="4 Nov 2016 06:51:13 GMT" time="0.026" errors="0">
  <testcase name="testSumWithZeroAndNegativeNumber" time="0.001" classname="testCalculator.CalculatorAddition"/>
  <testcase name="testSumWithNegativeNumbers" time="0.003" classname="testCalculator.CalculatorAddition"/>
  <testcase name="testSumWithZeroAndPositiveNumber" time="0.002" classname="testCalculator.CalculatorAddition"/>
  <testcase name="testSumWithNegativeAndPositiveNumbers" time="0.012" classname="testCalculator.CalculatorAddition"/>
  <testcase name="testSumWithPositiveNumbers" time="0.002" classname="testCalculator.CalculatorAddition"/>
  <testcase name="testSumWithPositiveNumberAndZero" time="0.002" classname="testCalculator.CalculatorAddition"/>
  <testcase name="testSumWithPositiveAndNegativeNumbers" time="0.002" classname="testCalculator.CalculatorAddition"/>
  <testcase name="testSumWithNegativeNumberandZero" time="0.002" classname="testCalculator.CalculatorAddition"/>
</testsuite> <!-- testCalculator.CalculatorAddition -->
