<?xml version="1.0" encoding="UTF-8"?>
<!-- Generated by org.testng.reporters.JUnitReportReporter -->
<testsuite hostname="Mds-MacBook-Pro.domain.actdsltmp" name="test.TestCalculator" tests="4" failures="0" timestamp="23 Oct 2016 17:58:27 GMT" time="0.020" errors="0">
  <testcase name="testSumWithPositiveNumbers" time="0.002" classname="test.TestCalculator"/>
  <testcase name="testSumWithNegativeAndPositiveNumbers" time="0.012" classname="test.TestCalculator"/>
  <testcase name="testSumWithPositiveAndNegativeNumbers" time="0.003" classname="test.TestCalculator"/>
  <testcase name="testSumWithNegativeNumbers" time="0.003" classname="test.TestCalculator"/>
</testsuite> <!-- test.TestCalculator -->
